<?xml version="1.0" encoding="UTF-8"?>
<testng-results ignored="0" total="4" passed="3" failed="1" skipped="0">
  <reporter-output>
  </reporter-output>
  <suite started-at="2021-09-24T09:02:10Z" name="Default suite" finished-at="2021-09-24T09:02:50Z" duration-ms="40233">
    <groups>
    </groups>
    <test started-at="2021-09-24T09:02:10Z" name="Default test" finished-at="2021-09-24T09:02:50Z" duration-ms="40233">
      <class name="com.Orangehrm_Architecture.TestCases.TC_001_LoginTest">
        <test-method is-config="true" signature="Browser_Open()[pri:0, instance:com.Orangehrm_Architecture.TestCases.TC_001_LoginTest@2b175c00]" started-at="2021-09-24T09:02:10Z" name="Browser_Open" finished-at="2021-09-24T09:02:26Z" duration-ms="16120" status="PASS">
          <reporter-output>
          </reporter-output>
        </test-method> <!-- Browser_Open -->
        <test-method signature="login()[pri:1, instance:com.Orangehrm_Architecture.TestCases.TC_001_LoginTest@2b175c00]" started-at="2021-09-24T09:02:26Z" name="login" description="To Verify User should be login" finished-at="2021-09-24T09:02:32Z" duration-ms="6289" status="FAIL">
          <exception class="java.lang.NullPointerException">
            <message>
              <![CDATA[Cannot invoke "org.apache.log4j.Logger.info(Object)" because "this.log" is null]]>
            </message>
            <full-stacktrace>
              <![CDATA[java.lang.NullPointerException: Cannot invoke "org.apache.log4j.Logger.info(Object)" because "this.log" is null
at com.Orangehrm_Architecture.PageObject.Login_Page.login(Login_Page.java:32)
at com.Orangehrm_Architecture.TestCases.TC_001_LoginTest.login(TC_001_LoginTest.java:15)
at java.base/jdk.internal.reflect.NativeMethodAccessorImpl.invoke0(Native Method)
at java.base/jdk.internal.reflect.NativeMethodAccessorImpl.invoke(NativeMethodAccessorImpl.java:64)
at java.base/jdk.internal.reflect.DelegatingMethodAccessorImpl.invoke(DelegatingMethodAccessorImpl.java:43)
at java.base/java.lang.reflect.Method.invoke(Method.java:564)
at org.testng.internal.MethodInvocationHelper.invokeMethod(MethodInvocationHelper.java:124)
at org.testng.internal.Invoker.invokeMethod(Invoker.java:583)
at org.testng.internal.Invoker.invokeTestMethod(Invoker.java:719)
at org.testng.internal.Invoker.invokeTestMethods(Invoker.java:989)
at org.testng.internal.TestMethodWorker.invokeTestMethods(TestMethodWorker.java:125)
at org.testng.internal.TestMethodWorker.run(TestMethodWorker.java:109)
at org.testng.TestRunner.privateRun(TestRunner.java:648)
at org.testng.TestRunner.run(TestRunner.java:505)
at org.testng.SuiteRunner.runTest(SuiteRunner.java:455)
at org.testng.SuiteRunner.runSequentially(SuiteRunner.java:450)
at org.testng.SuiteRunner.privateRun(SuiteRunner.java:415)
at org.testng.SuiteRunner.run(SuiteRunner.java:364)
at org.testng.SuiteRunnerWorker.runSuite(SuiteRunnerWorker.java:52)
at org.testng.SuiteRunnerWorker.run(SuiteRunnerWorker.java:84)
at org.testng.TestNG.runSuitesSequentially(TestNG.java:1208)
at org.testng.TestNG.runSuitesLocally(TestNG.java:1137)
at org.testng.TestNG.runSuites(TestNG.java:1049)
at org.testng.TestNG.run(TestNG.java:1017)
at org.testng.remote.AbstractRemoteTestNG.run(AbstractRemoteTestNG.java:115)
at org.testng.remote.RemoteTestNG.initAndRun(RemoteTestNG.java:251)
at org.testng.remote.RemoteTestNG.main(RemoteTestNG.java:77)
]]>
            </full-stacktrace>
          </exception> <!-- java.lang.NullPointerException -->
          <reporter-output>
          </reporter-output>
        </test-method> <!-- login -->
        <test-method signature="myinfo()[pri:2, instance:com.Orangehrm_Architecture.TestCases.TC_001_LoginTest@2b175c00]" started-at="2021-09-24T09:02:33Z" name="myinfo" description="To Verify My Info tab should be open" finished-at="2021-09-24T09:02:34Z" duration-ms="1757" status="PASS">
          <reporter-output>
          </reporter-output>
        </test-method> <!-- myinfo -->
        <test-method signature="edit_btn()[pri:3, instance:com.Orangehrm_Architecture.TestCases.TC_001_LoginTest@2b175c00]" started-at="2021-09-24T09:02:34Z" name="edit_btn" description="To Verify Form should be editable" finished-at="2021-09-24T09:02:39Z" duration-ms="5129" status="PASS">
          <reporter-output>
          </reporter-output>
        </test-method> <!-- edit_btn -->
        <test-method signature="pd_form()[pri:4, instance:com.Orangehrm_Architecture.TestCases.TC_001_LoginTest@2b175c00]" started-at="2021-09-24T09:02:39Z" name="pd_form" finished-at="2021-09-24T09:02:45Z" duration-ms="5674" status="PASS">
          <reporter-output>
          </reporter-output>
        </test-method> <!-- pd_form -->
        <test-method is-config="true" signature="close_browser()[pri:0, instance:com.Orangehrm_Architecture.TestCases.TC_001_LoginTest@2b175c00]" started-at="2021-09-24T09:02:45Z" name="close_browser" finished-at="2021-09-24T09:02:50Z" duration-ms="5187" status="PASS">
          <reporter-output>
          </reporter-output>
        </test-method> <!-- close_browser -->
      </class> <!-- com.Orangehrm_Architecture.TestCases.TC_001_LoginTest -->
    </test> <!-- Default test -->
  </suite> <!-- Default suite -->
</testng-results>
